{"C:\\Users\\1\\Desktop\\JonBrice\\project\\project-be\\src\\middlewares\\validateUserInput.ts": {"path":"C:\\Users\\1\\Desktop\\JonBrice\\project\\project-be\\src\\middlewares\\validateUserInput.ts","statementMap":{"0":{"start":{"line":9,"column":18},"end":{"line":9,"column":72}},"1":{"start":{"line":10,"column":19},"end":{"line":10,"column":49}},"2":{"start":{"line":11,"column":4},"end":{"line":11,"column":32}},"3":{"start":{"line":16,"column":22},"end":{"line":16,"column":30}},"4":{"start":{"line":17,"column":23},"end":{"line":17,"column":51}},"5":{"start":{"line":19,"column":4},"end":{"line":21,"column":5}},"6":{"start":{"line":20,"column":8},"end":{"line":20,"column":74}},"7":{"start":{"line":24,"column":23},"end":{"line":24,"column":48}},"8":{"start":{"line":25,"column":4},"end":{"line":27,"column":5}},"9":{"start":{"line":26,"column":8},"end":{"line":26,"column":76}},"10":{"start":{"line":29,"column":4},"end":{"line":29,"column":11}},"11":{"start":{"line":34,"column":25},"end":{"line":34,"column":33}},"12":{"start":{"line":36,"column":4},"end":{"line":38,"column":5}},"13":{"start":{"line":37,"column":8},"end":{"line":37,"column":97}},"14":{"start":{"line":40,"column":4},"end":{"line":40,"column":11}},"15":{"start":{"line":45,"column":55},"end":{"line":45,"column":63}},"16":{"start":{"line":47,"column":4},"end":{"line":49,"column":5}},"17":{"start":{"line":48,"column":8},"end":{"line":48,"column":92}},"18":{"start":{"line":51,"column":4},"end":{"line":51,"column":11}}},"fnMap":{"0":{"name":"isEmailTaken","decl":{"start":{"line":8,"column":22},"end":{"line":8,"column":34}},"loc":{"start":{"line":8,"column":68},"end":{"line":12,"column":1}},"line":8},"1":{"name":"isValidEmail","decl":{"start":{"line":15,"column":22},"end":{"line":15,"column":34}},"loc":{"start":{"line":15,"column":84},"end":{"line":30,"column":1}},"line":15},"2":{"name":"isValidPassword","decl":{"start":{"line":33,"column":22},"end":{"line":33,"column":37}},"loc":{"start":{"line":33,"column":87},"end":{"line":41,"column":1}},"line":33},"3":{"name":"validateRequiredFields","decl":{"start":{"line":44,"column":16},"end":{"line":44,"column":38}},"loc":{"start":{"line":44,"column":88},"end":{"line":52,"column":1}},"line":44}},"branchMap":{"0":{"loc":{"start":{"line":19,"column":4},"end":{"line":21,"column":5}},"type":"if","locations":[{"start":{"line":19,"column":4},"end":{"line":21,"column":5}},{"start":{},"end":{}}],"line":19},"1":{"loc":{"start":{"line":25,"column":4},"end":{"line":27,"column":5}},"type":"if","locations":[{"start":{"line":25,"column":4},"end":{"line":27,"column":5}},{"start":{},"end":{}}],"line":25},"2":{"loc":{"start":{"line":36,"column":4},"end":{"line":38,"column":5}},"type":"if","locations":[{"start":{"line":36,"column":4},"end":{"line":38,"column":5}},{"start":{},"end":{}}],"line":36},"3":{"loc":{"start":{"line":47,"column":4},"end":{"line":49,"column":5}},"type":"if","locations":[{"start":{"line":47,"column":4},"end":{"line":49,"column":5}},{"start":{},"end":{}}],"line":47},"4":{"loc":{"start":{"line":47,"column":8},"end":{"line":47,"column":56}},"type":"binary-expr","locations":[{"start":{"line":47,"column":8},"end":{"line":47,"column":19}},{"start":{"line":47,"column":23},"end":{"line":47,"column":33}},{"start":{"line":47,"column":37},"end":{"line":47,"column":43}},{"start":{"line":47,"column":47},"end":{"line":47,"column":56}}],"line":47}},"s":{"0":2,"1":2,"2":2,"3":0,"4":0,"5":0,"6":0,"7":0,"8":0,"9":0,"10":0,"11":0,"12":0,"13":0,"14":0,"15":0,"16":0,"17":0,"18":0},"f":{"0":2,"1":0,"2":0,"3":0},"b":{"0":[0,0],"1":[0,0],"2":[0,0],"3":[0,0],"4":[0,0,0,0]},"_coverageSchema":"1a1c01bbd47fc00a2c39e90264f33305004495a9","hash":"37ebc89f8f0901408e60d2f961dd10b0383cd9d2"}
,"C:\\Users\\1\\Desktop\\JonBrice\\project\\project-be\\src\\services\\jwtUtils.ts": {"path":"C:\\Users\\1\\Desktop\\JonBrice\\project\\project-be\\src\\services\\jwtUtils.ts","statementMap":{"0":{"start":{"line":5,"column":26},"end":{"line":5,"column":41}},"1":{"start":{"line":7,"column":4},"end":{"line":9,"column":5}},"2":{"start":{"line":8,"column":8},"end":{"line":8,"column":99}},"3":{"start":{"line":11,"column":20},"end":{"line":11,"column":67}},"4":{"start":{"line":12,"column":4},"end":{"line":12,"column":53}},"5":{"start":{"line":15,"column":4},"end":{"line":22,"column":5}},"6":{"start":{"line":17,"column":22},"end":{"line":17,"column":72}},"7":{"start":{"line":18,"column":8},"end":{"line":18,"column":21}},"8":{"start":{"line":20,"column":8},"end":{"line":20,"column":56}},"9":{"start":{"line":21,"column":8},"end":{"line":21,"column":52}},"10":{"start":{"line":25,"column":14},"end":{"line":25,"column":60}},"11":{"start":{"line":26,"column":4},"end":{"line":26,"column":39}},"12":{"start":{"line":27,"column":4},"end":{"line":27,"column":65}}},"fnMap":{"0":{"name":"generateToken","decl":{"start":{"line":6,"column":16},"end":{"line":6,"column":29}},"loc":{"start":{"line":6,"column":124},"end":{"line":23,"column":1}},"line":6},"1":{"name":"saveTokenToDatabase","decl":{"start":{"line":24,"column":22},"end":{"line":24,"column":41}},"loc":{"start":{"line":24,"column":88},"end":{"line":28,"column":1}},"line":24}},"branchMap":{"0":{"loc":{"start":{"line":7,"column":4},"end":{"line":9,"column":5}},"type":"if","locations":[{"start":{"line":7,"column":4},"end":{"line":9,"column":5}},{"start":{},"end":{}}],"line":7}},"s":{"0":1,"1":2,"2":0,"3":2,"4":2,"5":2,"6":2,"7":2,"8":0,"9":0,"10":0,"11":0,"12":0},"f":{"0":2,"1":0},"b":{"0":[0,2]},"_coverageSchema":"1a1c01bbd47fc00a2c39e90264f33305004495a9","hash":"5ee96aa273309fdf6568fd0164e9db22ce7c2a22"}
,"C:\\Users\\1\\Desktop\\JonBrice\\project\\project-be\\src\\services\\serverServices.ts": {"path":"C:\\Users\\1\\Desktop\\JonBrice\\project\\project-be\\src\\services\\serverServices.ts","statementMap":{"0":{"start":{"line":20,"column":4},"end":{"line":44,"column":5}},"1":{"start":{"line":22,"column":27},"end":{"line":22,"column":29}},"2":{"start":{"line":23,"column":31},"end":{"line":23,"column":70}},"3":{"start":{"line":26,"column":27},"end":{"line":26,"column":52}},"4":{"start":{"line":27,"column":8},"end":{"line":29,"column":9}},"5":{"start":{"line":28,"column":12},"end":{"line":28,"column":55}},"6":{"start":{"line":32,"column":18},"end":{"line":32,"column":112}},"7":{"start":{"line":33,"column":23},"end":{"line":33,"column":79}},"8":{"start":{"line":34,"column":23},"end":{"line":34,"column":48}},"9":{"start":{"line":37,"column":23},"end":{"line":37,"column":38}},"10":{"start":{"line":38,"column":22},"end":{"line":38,"column":83}},"11":{"start":{"line":40,"column":8},"end":{"line":40,"column":33}},"12":{"start":{"line":42,"column":8},"end":{"line":42,"column":64}},"13":{"start":{"line":43,"column":8},"end":{"line":43,"column":20}},"14":{"start":{"line":49,"column":23},"end":{"line":49,"column":91}},"15":{"start":{"line":50,"column":4},"end":{"line":50,"column":18}},"16":{"start":{"line":53,"column":4},"end":{"line":107,"column":5}},"17":{"start":{"line":55,"column":32},"end":{"line":60,"column":9}},"18":{"start":{"line":61,"column":23},"end":{"line":61,"column":30}},"19":{"start":{"line":64,"column":23},"end":{"line":64,"column":62}},"20":{"start":{"line":67,"column":8},"end":{"line":67,"column":45}},"21":{"start":{"line":70,"column":8},"end":{"line":73,"column":9}},"22":{"start":{"line":71,"column":12},"end":{"line":71,"column":42}},"23":{"start":{"line":72,"column":12},"end":{"line":72,"column":24}},"24":{"start":{"line":75,"column":21},"end":{"line":75,"column":30}},"25":{"start":{"line":78,"column":8},"end":{"line":78,"column":41}},"26":{"start":{"line":81,"column":34},"end":{"line":81,"column":79}},"27":{"start":{"line":82,"column":8},"end":{"line":82,"column":60}},"28":{"start":{"line":84,"column":8},"end":{"line":87,"column":9}},"29":{"start":{"line":85,"column":12},"end":{"line":85,"column":46}},"30":{"start":{"line":86,"column":12},"end":{"line":86,"column":24}},"31":{"start":{"line":90,"column":37},"end":{"line":97,"column":9}},"32":{"start":{"line":100,"column":8},"end":{"line":100,"column":51}},"33":{"start":{"line":102,"column":8},"end":{"line":102,"column":23}},"34":{"start":{"line":105,"column":8},"end":{"line":105,"column":52}},"35":{"start":{"line":106,"column":8},"end":{"line":106,"column":20}},"36":{"start":{"line":109,"column":31},"end":{"line":122,"column":1}},"37":{"start":{"line":110,"column":14},"end":{"line":117,"column":5}},"38":{"start":{"line":119,"column":19},"end":{"line":119,"column":46}},"39":{"start":{"line":120,"column":4},"end":{"line":120,"column":53}},"40":{"start":{"line":121,"column":4},"end":{"line":121,"column":18}},"41":{"start":{"line":127,"column":4},"end":{"line":129,"column":5}},"42":{"start":{"line":128,"column":8},"end":{"line":128,"column":51}},"43":{"start":{"line":131,"column":14},"end":{"line":134,"column":5}},"44":{"start":{"line":136,"column":19},"end":{"line":136,"column":99}},"45":{"start":{"line":139,"column":8},"end":{"line":139,"column":34}},"46":{"start":{"line":140,"column":8},"end":{"line":140,"column":41}},"47":{"start":{"line":153,"column":18},"end":{"line":157,"column":5}},"48":{"start":{"line":158,"column":19},"end":{"line":158,"column":104}},"49":{"start":{"line":160,"column":4},"end":{"line":169,"column":5}},"50":{"start":{"line":161,"column":8},"end":{"line":161,"column":53}},"51":{"start":{"line":162,"column":23},"end":{"line":162,"column":52}},"52":{"start":{"line":163,"column":8},"end":{"line":165,"column":9}},"53":{"start":{"line":164,"column":12},"end":{"line":164,"column":65}},"54":{"start":{"line":167,"column":8},"end":{"line":167,"column":66}},"55":{"start":{"line":168,"column":8},"end":{"line":168,"column":20}},"56":{"start":{"line":174,"column":4},"end":{"line":188,"column":5}},"57":{"start":{"line":175,"column":8},"end":{"line":175,"column":64}},"58":{"start":{"line":176,"column":21},"end":{"line":176,"column":98}},"59":{"start":{"line":178,"column":8},"end":{"line":181,"column":9}},"60":{"start":{"line":179,"column":12},"end":{"line":179,"column":70}},"61":{"start":{"line":180,"column":12},"end":{"line":180,"column":72}},"62":{"start":{"line":183,"column":8},"end":{"line":183,"column":66}},"63":{"start":{"line":184,"column":8},"end":{"line":184,"column":23}},"64":{"start":{"line":186,"column":8},"end":{"line":186,"column":79}},"65":{"start":{"line":187,"column":8},"end":{"line":187,"column":20}},"66":{"start":{"line":191,"column":30},"end":{"line":199,"column":1}},"67":{"start":{"line":192,"column":14},"end":{"line":196,"column":5}},"68":{"start":{"line":198,"column":4},"end":{"line":198,"column":44}},"69":{"start":{"line":200,"column":32},"end":{"line":212,"column":1}},"70":{"start":{"line":201,"column":14},"end":{"line":204,"column":5}},"71":{"start":{"line":205,"column":4},"end":{"line":205,"column":59}},"72":{"start":{"line":206,"column":4},"end":{"line":211,"column":5}},"73":{"start":{"line":207,"column":8},"end":{"line":207,"column":48}},"74":{"start":{"line":208,"column":8},"end":{"line":208,"column":56}},"75":{"start":{"line":210,"column":8},"end":{"line":210,"column":48}},"76":{"start":{"line":215,"column":36},"end":{"line":229,"column":1}},"77":{"start":{"line":216,"column":14},"end":{"line":224,"column":5}},"78":{"start":{"line":226,"column":19},"end":{"line":226,"column":46}},"79":{"start":{"line":227,"column":4},"end":{"line":227,"column":57}},"80":{"start":{"line":228,"column":4},"end":{"line":228,"column":18}},"81":{"start":{"line":231,"column":30},"end":{"line":239,"column":1}},"82":{"start":{"line":233,"column":14},"end":{"line":233,"column":59}},"83":{"start":{"line":234,"column":4},"end":{"line":234,"column":36}},"84":{"start":{"line":237,"column":32},"end":{"line":237,"column":77}},"85":{"start":{"line":238,"column":4},"end":{"line":238,"column":54}},"86":{"start":{"line":242,"column":4},"end":{"line":256,"column":5}},"87":{"start":{"line":243,"column":18},"end":{"line":248,"column":9}},"88":{"start":{"line":250,"column":23},"end":{"line":250,"column":40}},"89":{"start":{"line":251,"column":8},"end":{"line":251,"column":53}},"90":{"start":{"line":252,"column":8},"end":{"line":252,"column":22}},"91":{"start":{"line":254,"column":8},"end":{"line":254,"column":64}},"92":{"start":{"line":255,"column":8},"end":{"line":255,"column":20}}},"fnMap":{"0":{"name":"registerUser","decl":{"start":{"line":13,"column":22},"end":{"line":13,"column":34}},"loc":{"start":{"line":19,"column":46},"end":{"line":45,"column":1}},"line":19},"1":{"name":"addUser","decl":{"start":{"line":47,"column":22},"end":{"line":47,"column":29}},"loc":{"start":{"line":47,"column":138},"end":{"line":51,"column":1}},"line":47},"2":{"name":"loginUser","decl":{"start":{"line":52,"column":22},"end":{"line":52,"column":31}},"loc":{"start":{"line":52,"column":94},"end":{"line":108,"column":1}},"line":52},"3":{"name":"(anonymous_3)","decl":{"start":{"line":109,"column":31},"end":{"line":109,"column":32}},"loc":{"start":{"line":109,"column":57},"end":{"line":122,"column":1}},"line":109},"4":{"name":"addNewVacation","decl":{"start":{"line":125,"column":22},"end":{"line":125,"column":36}},"loc":{"start":{"line":125,"column":158},"end":{"line":142,"column":1}},"line":125},"5":{"name":"editVacation","decl":{"start":{"line":144,"column":22},"end":{"line":144,"column":34}},"loc":{"start":{"line":152,"column":17},"end":{"line":170,"column":1}},"line":152},"6":{"name":"getVacationById","decl":{"start":{"line":173,"column":22},"end":{"line":173,"column":37}},"loc":{"start":{"line":173,"column":58},"end":{"line":189,"column":1}},"line":173},"7":{"name":"(anonymous_7)","decl":{"start":{"line":191,"column":30},"end":{"line":191,"column":31}},"loc":{"start":{"line":191,"column":76},"end":{"line":199,"column":1}},"line":191},"8":{"name":"(anonymous_8)","decl":{"start":{"line":200,"column":32},"end":{"line":200,"column":33}},"loc":{"start":{"line":200,"column":78},"end":{"line":212,"column":1}},"line":200},"9":{"name":"(anonymous_9)","decl":{"start":{"line":215,"column":36},"end":{"line":215,"column":37}},"loc":{"start":{"line":215,"column":62},"end":{"line":229,"column":1}},"line":215},"10":{"name":"(anonymous_10)","decl":{"start":{"line":231,"column":30},"end":{"line":231,"column":31}},"loc":{"start":{"line":231,"column":60},"end":{"line":239,"column":1}},"line":231},"11":{"name":"getVacationReport","decl":{"start":{"line":241,"column":22},"end":{"line":241,"column":39}},"loc":{"start":{"line":241,"column":42},"end":{"line":257,"column":1}},"line":241}},"branchMap":{"0":{"loc":{"start":{"line":27,"column":8},"end":{"line":29,"column":9}},"type":"if","locations":[{"start":{"line":27,"column":8},"end":{"line":29,"column":9}},{"start":{},"end":{}}],"line":27},"1":{"loc":{"start":{"line":70,"column":8},"end":{"line":73,"column":9}},"type":"if","locations":[{"start":{"line":70,"column":8},"end":{"line":73,"column":9}},{"start":{},"end":{}}],"line":70},"2":{"loc":{"start":{"line":70,"column":12},"end":{"line":70,"column":57}},"type":"binary-expr","locations":[{"start":{"line":70,"column":12},"end":{"line":70,"column":34}},{"start":{"line":70,"column":38},"end":{"line":70,"column":57}}],"line":70},"3":{"loc":{"start":{"line":84,"column":8},"end":{"line":87,"column":9}},"type":"if","locations":[{"start":{"line":84,"column":8},"end":{"line":87,"column":9}},{"start":{},"end":{}}],"line":84},"4":{"loc":{"start":{"line":127,"column":4},"end":{"line":129,"column":5}},"type":"if","locations":[{"start":{"line":127,"column":4},"end":{"line":129,"column":5}},{"start":{},"end":{}}],"line":127},"5":{"loc":{"start":{"line":127,"column":8},"end":{"line":127,"column":74}},"type":"binary-expr","locations":[{"start":{"line":127,"column":8},"end":{"line":127,"column":20}},{"start":{"line":127,"column":24},"end":{"line":127,"column":36}},{"start":{"line":127,"column":40},"end":{"line":127,"column":51}},{"start":{"line":127,"column":55},"end":{"line":127,"column":64}},{"start":{"line":127,"column":68},"end":{"line":127,"column":74}}],"line":127},"6":{"loc":{"start":{"line":136,"column":75},"end":{"line":136,"column":98}},"type":"binary-expr","locations":[{"start":{"line":136,"column":75},"end":{"line":136,"column":90}},{"start":{"line":136,"column":94},"end":{"line":136,"column":98}}],"line":136},"7":{"loc":{"start":{"line":163,"column":8},"end":{"line":165,"column":9}},"type":"if","locations":[{"start":{"line":163,"column":8},"end":{"line":165,"column":9}},{"start":{},"end":{}}],"line":163},"8":{"loc":{"start":{"line":178,"column":8},"end":{"line":181,"column":9}},"type":"if","locations":[{"start":{"line":178,"column":8},"end":{"line":181,"column":9}},{"start":{},"end":{}}],"line":178}},"s":{"0":2,"1":2,"2":2,"3":2,"4":2,"5":0,"6":2,"7":2,"8":2,"9":2,"10":2,"11":2,"12":0,"13":0,"14":0,"15":0,"16":0,"17":0,"18":0,"19":0,"20":0,"21":0,"22":0,"23":0,"24":0,"25":0,"26":0,"27":0,"28":0,"29":0,"30":0,"31":0,"32":0,"33":0,"34":0,"35":0,"36":1,"37":0,"38":0,"39":0,"40":0,"41":0,"42":0,"43":0,"44":0,"45":0,"46":0,"47":0,"48":0,"49":0,"50":0,"51":0,"52":0,"53":0,"54":0,"55":0,"56":0,"57":0,"58":0,"59":0,"60":0,"61":0,"62":0,"63":0,"64":0,"65":0,"66":1,"67":0,"68":0,"69":1,"70":0,"71":0,"72":0,"73":0,"74":0,"75":0,"76":1,"77":0,"78":0,"79":0,"80":0,"81":1,"82":0,"83":0,"84":0,"85":0,"86":0,"87":0,"88":0,"89":0,"90":0,"91":0,"92":0},"f":{"0":2,"1":0,"2":0,"3":0,"4":0,"5":0,"6":0,"7":0,"8":0,"9":0,"10":0,"11":0},"b":{"0":[0,2],"1":[0,0],"2":[0,0],"3":[0,0],"4":[0,0],"5":[0,0,0,0,0],"6":[0,0],"7":[0,0],"8":[0,0]},"_coverageSchema":"1a1c01bbd47fc00a2c39e90264f33305004495a9","hash":"e164392f5d859a8abcb09a85b389a57f8b07947c"}
}
