TN:
SF:src\middlewares\validateUserInput.ts
FN:8,isEmailTaken
FN:15,isValidEmail
FN:33,isValidPassword
FN:44,validateRequiredFields
FNF:4
FNH:1
FNDA:2,isEmailTaken
FNDA:0,isValidEmail
FNDA:0,isValidPassword
FNDA:0,validateRequiredFields
DA:9,2
DA:10,2
DA:11,2
DA:16,0
DA:17,0
DA:19,0
DA:20,0
DA:24,0
DA:25,0
DA:26,0
DA:29,0
DA:34,0
DA:36,0
DA:37,0
DA:40,0
DA:45,0
DA:47,0
DA:48,0
DA:51,0
LF:19
LH:3
BRDA:19,0,0,0
BRDA:19,0,1,0
BRDA:25,1,0,0
BRDA:25,1,1,0
BRDA:36,2,0,0
BRDA:36,2,1,0
BRDA:47,3,0,0
BRDA:47,3,1,0
BRDA:47,4,0,0
BRDA:47,4,1,0
BRDA:47,4,2,0
BRDA:47,4,3,0
BRF:12
BRH:0
end_of_record
TN:
SF:src\services\jwtUtils.ts
FN:6,generateToken
FN:24,saveTokenToDatabase
FNF:2
FNH:1
FNDA:2,generateToken
FNDA:0,saveTokenToDatabase
DA:5,1
DA:7,2
DA:8,0
DA:11,2
DA:12,2
DA:15,2
DA:17,2
DA:18,2
DA:20,0
DA:21,0
DA:25,0
DA:26,0
DA:27,0
LF:13
LH:7
BRDA:7,0,0,0
BRDA:7,0,1,2
BRF:2
BRH:1
end_of_record
TN:
SF:src\services\serverServices.ts
FN:13,registerUser
FN:47,addUser
FN:52,loginUser
FN:109,(anonymous_3)
FN:125,addNewVacation
FN:144,editVacation
FN:173,getVacationById
FN:191,(anonymous_7)
FN:200,(anonymous_8)
FN:215,(anonymous_9)
FN:231,(anonymous_10)
FN:241,getVacationReport
FNF:12
FNH:1
FNDA:2,registerUser
FNDA:0,addUser
FNDA:0,loginUser
FNDA:0,(anonymous_3)
FNDA:0,addNewVacation
FNDA:0,editVacation
FNDA:0,getVacationById
FNDA:0,(anonymous_7)
FNDA:0,(anonymous_8)
FNDA:0,(anonymous_9)
FNDA:0,(anonymous_10)
FNDA:0,getVacationReport
DA:20,2
DA:22,2
DA:23,2
DA:26,2
DA:27,2
DA:28,0
DA:32,2
DA:33,2
DA:34,2
DA:37,2
DA:38,2
DA:40,2
DA:42,0
DA:43,0
DA:49,0
DA:50,0
DA:53,0
DA:55,0
DA:61,0
DA:64,0
DA:67,0
DA:70,0
DA:71,0
DA:72,0
DA:75,0
DA:78,0
DA:81,0
DA:82,0
DA:84,0
DA:85,0
DA:86,0
DA:90,0
DA:100,0
DA:102,0
DA:105,0
DA:106,0
DA:109,1
DA:110,0
DA:119,0
DA:120,0
DA:121,0
DA:127,0
DA:128,0
DA:131,0
DA:136,0
DA:139,0
DA:140,0
DA:153,0
DA:158,0
DA:160,0
DA:161,0
DA:162,0
DA:163,0
DA:164,0
DA:167,0
DA:168,0
DA:174,0
DA:175,0
DA:176,0
DA:178,0
DA:179,0
DA:180,0
DA:183,0
DA:184,0
DA:186,0
DA:187,0
DA:191,1
DA:192,0
DA:198,0
DA:200,1
DA:201,0
DA:205,0
DA:206,0
DA:207,0
DA:208,0
DA:210,0
DA:215,1
DA:216,0
DA:226,0
DA:227,0
DA:228,0
DA:231,1
DA:233,0
DA:234,0
DA:237,0
DA:238,0
DA:242,0
DA:243,0
DA:250,0
DA:251,0
DA:252,0
DA:254,0
DA:255,0
LF:93
LH:16
BRDA:27,0,0,0
BRDA:27,0,1,2
BRDA:70,1,0,0
BRDA:70,1,1,0
BRDA:70,2,0,0
BRDA:70,2,1,0
BRDA:84,3,0,0
BRDA:84,3,1,0
BRDA:127,4,0,0
BRDA:127,4,1,0
BRDA:127,5,0,0
BRDA:127,5,1,0
BRDA:127,5,2,0
BRDA:127,5,3,0
BRDA:127,5,4,0
BRDA:136,6,0,0
BRDA:136,6,1,0
BRDA:163,7,0,0
BRDA:163,7,1,0
BRDA:178,8,0,0
BRDA:178,8,1,0
BRF:21
BRH:1
end_of_record
